2023-12-31 14:15:58,209 - chaoxing - INFO - 你的单位：河北地质大学图书馆
2023-12-31 14:16:15,972 - chaoxing - INFO - 你的单位：河北地质大学图书馆
2023-12-31 14:16:16,452 - chaoxing - INFO - 你所属单位的fidEnc是:64fc0d61619aa141
2023-12-31 14:16:38,178 - chaoxing - INFO - 你的单位：河北地质大学图书馆
2023-12-31 14:16:38,611 - chaoxing - INFO - 你所属单位的fidEnc是:64fc0d61619aa141
2023-12-31 14:17:09,362 - chaoxing - INFO - 你的单位：河北地质大学图书馆
2023-12-31 14:17:09,801 - chaoxing - INFO - 你所属单位的fidEnc是:64fc0d61619aa141
2023-12-31 14:18:01,156 - chaoxing - INFO - 你的单位：伊犁师范大学
2023-12-31 14:18:01,709 - chaoxing - INFO - 你所属单位的fidEnc是:e0be6b6614642eba
2023-12-31 21:35:40,884 - chaoxing - INFO - 你的单位：伊犁师范大学
2023-12-31 21:35:41,458 - chaoxing - INFO - 你所属单位的fidEnc是:e0be6b6614642eba
2023-12-31 21:35:50,706 - chaoxing - INFO - 你的单位：伊犁师范大学
2023-12-31 21:35:51,293 - chaoxing - INFO - 你所属单位的fidEnc是:e0be6b6614642eba
2023-12-31 21:36:06,038 - chaoxing - INFO - 你的单位：伊犁师范大学
2023-12-31 21:36:06,566 - chaoxing - INFO - 你所属单位的fidEnc是:e0be6b6614642eba
2023-12-31 21:44:33,852 - chaoxing - INFO - 你的单位：伊犁师范大学
2023-12-31 21:44:34,390 - chaoxing - INFO - 你所属单位的fidEnc是:e0be6b6614642eba
2023-12-31 21:45:25,891 - chaoxing - INFO - 你的单位：伊犁师范大学
2023-12-31 21:45:26,425 - chaoxing - INFO - 你所属单位的fidEnc是:e0be6b6614642eba
2024-01-01 13:53:44,338 - chaoxing - INFO - 预抢座已完成,耗时0.7850039005279541秒
2024-01-01 13:54:08,072 - chaoxing - INFO - 预抢座已完成,耗时0.6804854869842529秒
2024-01-01 13:54:08,072 - chaoxing - INFO - 延时结束开始抢座
2024-01-01 13:54:25,627 - chaoxing - INFO - 预抢座已完成,耗时0.713956356048584秒
2024-01-01 13:54:25,627 - chaoxing - INFO - 延时结束开始抢座
2024-01-01 13:54:25,776 - chaoxing - INFO - 手机号18139543529,房间号8670,座位010,起始时间19:00,结束时间20:00,预约日期2024-01-01,预约结果预约失败，请退出后重试！
2024-01-01 13:54:25,776 - chaoxing - INFO - 手机号18139543529,预约耗费0.14902019500732422秒
2024-01-01 13:55:03,690 - chaoxing - INFO - 预抢座已完成,耗时0.705451488494873秒
2024-01-01 13:55:03,690 - chaoxing - INFO - 延时结束开始抢座
2024-01-01 13:55:03,850 - chaoxing - INFO - 手机号18139543529,房间号8670,座位010,起始时间19:00,结束时间20:00,预约日期2024-01-01,预约结果预约失败，请退出后重试！
2024-01-01 13:55:03,850 - chaoxing - INFO - 手机号18139543529,预约耗费0.16062092781066895秒
2024-01-01 13:55:28,649 - chaoxing - INFO - 预抢座已完成,耗时0.69246506690979秒
2024-01-01 13:55:28,650 - chaoxing - INFO - 延时结束开始抢座
2024-01-01 13:55:28,824 - chaoxing - INFO - 手机号18139543529,房间号8670,座位010,起始时间19:00,结束时间20:00,预约日期2024-01-01,预约结果预约失败，请退出后重试！
2024-01-01 13:55:28,824 - chaoxing - INFO - 手机号18139543529,预约耗费0.17381739616394043秒
2024-01-01 13:56:10,809 - chaoxing - INFO - 预抢座已完成,耗时0.7126064300537109秒
2024-01-01 13:56:10,809 - chaoxing - INFO - 延时结束开始抢座
2024-01-01 13:56:10,955 - chaoxing - INFO - 手机号18139543529,房间号8670,座位010,起始时间19:00,结束时间20:00,预约日期2024-01-01,预约结果预约失败，请退出后重试！
2024-01-01 13:56:10,955 - chaoxing - INFO - 手机号18139543529,预约耗费0.14622759819030762秒
2024-01-16 10:18:13,934 - chaoxing - INFO - 预抢座已完成,耗时1.2346916198730469秒
2024-01-16 10:19:55,828 - chaoxing - INFO - 预抢座已完成,耗时1.3418500423431396秒
2024-01-16 10:20:34,716 - chaoxing - INFO - 预抢座已完成,耗时1.13435697555542秒
2024-01-16 10:20:34,717 - chaoxing - INFO - 延时结束开始抢座
2024-01-16 10:20:34,877 - chaoxing - INFO - 手机号18139543529,房间号8670,座位010,起始时间19:00,结束时间20:00,预约日期2024-01-16,预约结果预约失败，请退出后重试！
2024-01-16 10:20:34,877 - chaoxing - INFO - 手机号18139543529,预约耗费0.16065645217895508秒
2024-01-16 10:24:08,886 - chaoxing - INFO - 预抢座已完成,耗时0.7250657081604004秒
2024-01-16 10:24:08,886 - chaoxing - INFO - 延时结束开始抢座
2024-01-16 10:24:09,033 - chaoxing - INFO - 手机号18139543529,房间号8670,座位010,起始时间19:00,结束时间20:00,预约日期2024-01-16,预约结果预约失败，请退出后重试！
2024-01-16 10:24:09,033 - chaoxing - INFO - 手机号18139543529,预约耗费0.14617228507995605秒
2024-01-16 10:24:49,284 - chaoxing - INFO - 预抢座已完成,耗时0.8239281177520752秒
2024-01-16 10:24:49,284 - chaoxing - INFO - 延时结束开始抢座
2024-01-16 10:24:49,452 - chaoxing - INFO - 手机号15591708527,房间号5933,座位010,起始时间19:00,结束时间20:00,预约日期2024-01-16,预约结果预约失败，请退出后重试！
2024-01-16 10:24:49,453 - chaoxing - INFO - 手机号15591708527,预约耗费0.1672651767730713秒
2024-01-16 10:25:39,813 - chaoxing - INFO - 预抢座已完成,耗时0.729048490524292秒
2024-01-16 10:25:39,813 - chaoxing - INFO - 延时结束开始抢座
2024-01-16 10:25:39,959 - chaoxing - INFO - 手机号15591708527,房间号5933,座位010,起始时间19:00,结束时间20:00,预约日期2024-01-16,预约结果预约失败，请退出后重试！
2024-01-16 10:25:39,959 - chaoxing - INFO - 手机号15591708527,预约耗费0.1453723907470703秒
2024-01-16 10:44:54,549 - chaoxing - INFO - 预抢座已完成,耗时1.2700061798095703秒
2024-01-16 10:44:54,551 - chaoxing - INFO - 延时结束开始抢座
2024-01-16 10:44:55,120 - chaoxing - INFO - 手机号15591708527,房间号5933,座位010,起始时间19:00,结束时间20:00,预约日期2024-01-16,预约结果成功
2024-01-16 10:44:55,120 - chaoxing - INFO - 手机号15591708527,预约耗费0.5689902305603027秒
2024-01-16 11:09:44,849 - chaoxing - INFO - 预抢座已完成,耗时0.7688400745391846秒
2024-01-16 11:09:44,849 - chaoxing - INFO - 延时结束开始抢座
2024-01-16 11:09:44,987 - chaoxing - INFO - 手机号18139543529,房间号8670,座位010,起始时间19:00,结束时间20:00,预约日期2024-01-16,预约结果预约失败，请退出后重试！
2024-01-16 11:09:44,988 - chaoxing - INFO - 手机号18139543529,预约耗费0.1375584602355957秒
2024-01-16 11:10:27,818 - chaoxing - INFO - 预抢座已完成,耗时0.6999852657318115秒
2024-01-16 11:10:27,818 - chaoxing - INFO - 延时结束开始抢座
2024-01-16 11:10:27,957 - chaoxing - INFO - 手机号18139543529,房间号8670,座位010,起始时间19:00,结束时间20:00,预约日期2024-01-16,预约结果预约失败，请退出后重试！
2024-01-16 11:10:27,957 - chaoxing - INFO - 手机号18139543529,预约耗费0.13816356658935547秒
2024-01-16 11:11:21,275 - chaoxing - INFO - 预抢座已完成,耗时0.770655632019043秒
2024-01-16 11:11:21,275 - chaoxing - INFO - 延时结束开始抢座
2024-01-16 11:11:21,437 - chaoxing - INFO - 手机号18139543529,房间号8670,座位010,起始时间19:00,结束时间20:00,预约日期2024-01-16,预约结果预约失败，请退出后重试！
2024-01-16 11:11:21,437 - chaoxing - INFO - 手机号18139543529,预约耗费0.16209745407104492秒
2024-01-16 11:11:41,055 - chaoxing - INFO - 预抢座已完成,耗时0.8019235134124756秒
2024-01-16 11:11:41,055 - chaoxing - INFO - 延时结束开始抢座
2024-01-16 11:11:41,221 - chaoxing - INFO - 手机号18139543529,房间号8670,座位010,起始时间19:00,结束时间20:00,预约日期2024-01-16,预约结果预约失败，请退出后重试！
2024-01-16 11:11:41,221 - chaoxing - INFO - 手机号18139543529,预约耗费0.1653425693511963秒
2024-01-16 11:11:57,238 - chaoxing - INFO - 预抢座已完成,耗时0.6694467067718506秒
2024-01-16 11:11:57,239 - chaoxing - INFO - 延时结束开始抢座
2024-01-16 11:11:57,391 - chaoxing - INFO - 手机号18139543529,房间号8670,座位010,起始时间19:00,结束时间20:00,预约日期2024-01-16,预约结果预约失败，请退出后重试！
2024-01-16 11:11:57,391 - chaoxing - INFO - 手机号18139543529,预约耗费0.15251684188842773秒
2024-01-16 11:12:37,110 - chaoxing - INFO - 你的单位：伊犁师范大学
2024-01-16 11:12:37,687 - chaoxing - INFO - 你所属单位的fidEnc是:e0be6b6614642eba
2024-01-16 11:12:38,370 - chaoxing - INFO - 预抢座已完成,耗时0.6819360256195068秒
2024-01-16 11:12:38,370 - chaoxing - INFO - 延时结束开始抢座
2024-01-16 11:12:38,532 - chaoxing - INFO - 手机号18139543529,房间号8670,座位010,起始时间19:00,结束时间20:00,预约日期2024-01-16,预约结果预约失败，请退出后重试！
2024-01-16 11:12:38,532 - chaoxing - INFO - 手机号18139543529,预约耗费0.16222763061523438秒
2024-01-16 11:15:10,074 - chaoxing - INFO - 你的单位：伊犁师范大学
2024-01-16 11:15:10,576 - chaoxing - INFO - 你所属单位的fidEnc是:e0be6b6614642eba
2024-01-16 11:15:11,284 - chaoxing - INFO - 预抢座已完成,耗时0.7077014446258545秒
2024-01-16 11:15:11,284 - chaoxing - INFO - 延时结束开始抢座
2024-01-16 11:15:11,448 - chaoxing - INFO - 手机号18139543529,房间号8670,座位010,起始时间19:00,结束时间20:00,预约日期2024-01-16,预约结果预约失败，请退出后重试！
2024-01-16 11:15:11,448 - chaoxing - INFO - 手机号18139543529,预约耗费0.16397881507873535秒
2024-01-16 11:15:52,985 - chaoxing - INFO - 你的单位：伊犁师范大学
2024-01-16 11:15:53,488 - chaoxing - INFO - 你所属单位的fidEnc是:e0be6b6614642eba
2024-01-16 11:15:54,156 - chaoxing - INFO - 预抢座已完成,耗时0.6665050983428955秒
2024-01-16 11:15:54,156 - chaoxing - INFO - 延时结束开始抢座
2024-01-16 11:15:54,310 - chaoxing - INFO - 手机号18139543529,房间号8670,座位010,起始时间19:00,结束时间20:00,预约日期2024-01-16,预约结果预约失败，请退出后重试！
2024-01-16 11:15:54,310 - chaoxing - INFO - 手机号18139543529,预约耗费0.15452122688293457秒
2024-01-16 11:17:00,533 - chaoxing - INFO - 你的单位：伊犁师范大学
2024-01-16 11:17:01,017 - chaoxing - INFO - 你所属单位的fidEnc是:e0be6b6614642eba
2024-01-16 11:17:01,699 - chaoxing - INFO - 预抢座已完成,耗时0.6809914112091064秒
2024-01-16 11:17:01,699 - chaoxing - INFO - 延时结束开始抢座
2024-01-16 11:17:01,862 - chaoxing - INFO - 手机号18139543529,房间号8670,座位010,起始时间19:00,结束时间20:00,预约日期2024-01-16,预约结果预约失败，请退出后重试！
2024-01-16 11:17:01,862 - chaoxing - INFO - 手机号18139543529,预约耗费0.16324758529663086秒
2024-01-16 11:17:42,212 - chaoxing - INFO - 你的单位：伊犁师范大学
2024-01-16 11:17:42,738 - chaoxing - INFO - 你所属单位的fidEnc是:e0be6b6614642eba
2024-01-16 11:17:43,361 - chaoxing - INFO - 预抢座已完成,耗时0.6222805976867676秒
2024-01-16 11:17:43,362 - chaoxing - INFO - 延时结束开始抢座
2024-01-16 11:17:43,504 - chaoxing - INFO - 手机号18139543529,房间号8670,座位010,起始时间19:00,结束时间20:00,预约日期2024-01-16,预约结果预约失败，请退出后重试！
2024-01-16 11:17:43,504 - chaoxing - INFO - 手机号18139543529,预约耗费0.14205551147460938秒
2024-01-16 11:19:01,526 - chaoxing - INFO - 你的单位：伊犁师范大学
2024-01-16 11:19:02,078 - chaoxing - INFO - 你所属单位的fidEnc是:e0be6b6614642eba
2024-01-16 11:19:02,686 - chaoxing - INFO - 预抢座已完成,耗时0.608426570892334秒
2024-01-16 11:19:02,686 - chaoxing - INFO - 延时结束开始抢座
2024-01-16 11:19:02,820 - chaoxing - INFO - 手机号18139543529,房间号8670,座位010,起始时间19:00,结束时间20:00,预约日期2024-01-16,预约结果预约失败，请退出后重试！
2024-01-16 11:19:02,821 - chaoxing - INFO - 手机号18139543529,预约耗费0.13493704795837402秒
2024-01-16 11:19:28,452 - chaoxing - INFO - 你的单位：伊犁师范大学
2024-01-16 11:19:28,935 - chaoxing - INFO - 你所属单位的fidEnc是:e0be6b6614642eba
2024-01-16 11:19:29,557 - chaoxing - INFO - 预抢座已完成,耗时0.6203310489654541秒
2024-01-16 11:19:29,557 - chaoxing - INFO - 延时结束开始抢座
2024-01-16 11:19:29,707 - chaoxing - INFO - 手机号18139543529,房间号8670,座位010,起始时间19:00,结束时间20:00,预约日期2024-01-16,预约结果预约失败，请退出后重试！
2024-01-16 11:19:29,707 - chaoxing - INFO - 手机号18139543529,预约耗费0.14979195594787598秒
2024-01-16 11:19:44,731 - chaoxing - INFO - 你的单位：伊犁师范大学
2024-01-16 11:19:45,269 - chaoxing - INFO - 你所属单位的fidEnc是:e0be6b6614642eba
2024-01-16 11:19:45,928 - chaoxing - INFO - 预抢座已完成,耗时0.6570367813110352秒
2024-01-16 11:19:45,929 - chaoxing - INFO - 延时结束开始抢座
2024-01-16 11:19:46,077 - chaoxing - INFO - 手机号18139543529,房间号8670,座位010,起始时间19:00,结束时间20:00,预约日期2024-01-16,预约结果预约失败，请退出后重试！
2024-01-16 11:19:46,078 - chaoxing - INFO - 手机号18139543529,预约耗费0.14845776557922363秒
2024-01-16 11:33:13,147 - chaoxing - INFO - 你的单位：伊犁师范大学
2024-01-16 11:33:13,696 - chaoxing - INFO - 你所属单位的fidEnc是:e0be6b6614642eba
2024-01-16 11:33:14,587 - chaoxing - INFO - 预抢座已完成,耗时0.8916018009185791秒
2024-01-16 11:33:14,587 - chaoxing - INFO - 延时结束开始抢座
2024-01-16 11:33:14,726 - chaoxing - INFO - 手机号18139543529,房间号800,座位070,起始时间19:00,结束时间20:00,预约日期2024-01-16,预约结果预约失败，请退出后重试！
2024-01-16 11:33:14,726 - chaoxing - INFO - 手机号18139543529,预约耗费0.1385488510131836秒
2024-01-16 11:34:49,928 - chaoxing - INFO - 你的单位：伊犁师范大学
2024-01-16 11:34:50,498 - chaoxing - INFO - 你所属单位的fidEnc是:e0be6b6614642eba
2024-01-16 11:34:51,155 - chaoxing - INFO - 预抢座已完成,耗时0.6550948619842529秒
2024-01-16 11:34:51,155 - chaoxing - INFO - 延时结束开始抢座
2024-01-16 11:34:51,302 - chaoxing - INFO - 手机号18139543529,房间号800,座位070,起始时间19:00,结束时间20:00,预约日期2024-01-16,预约结果预约失败，请退出后重试！
2024-01-16 11:34:51,302 - chaoxing - INFO - 手机号18139543529,预约耗费0.1470324993133545秒
2024-01-16 11:35:56,611 - chaoxing - INFO - 你的单位：伊犁师范大学
2024-01-16 11:35:57,135 - chaoxing - INFO - 你所属单位的fidEnc是:e0be6b6614642eba
2024-01-16 11:35:57,889 - chaoxing - INFO - 预抢座已完成,耗时0.7528290748596191秒
2024-01-16 11:35:57,889 - chaoxing - INFO - 延时结束开始抢座
2024-01-16 11:35:58,070 - chaoxing - INFO - 手机号18139543529,房间号800,座位070,起始时间19:00,结束时间20:00,预约日期2024-01-16,预约结果预约失败，请退出后重试！
2024-01-16 11:35:58,070 - chaoxing - INFO - 手机号18139543529,预约耗费0.1806344985961914秒
2024-01-16 11:36:58,760 - chaoxing - INFO - 你的单位：伊犁师范大学
2024-01-16 11:36:59,297 - chaoxing - INFO - 你所属单位的fidEnc是:e0be6b6614642eba
2024-01-16 11:37:00,001 - chaoxing - INFO - 预抢座已完成,耗时0.7033934593200684秒
2024-01-16 11:37:00,002 - chaoxing - INFO - 延时结束开始抢座
2024-01-16 11:37:00,157 - chaoxing - INFO - 手机号18139543529,房间号800,座位070,起始时间19:00,结束时间20:00,预约日期2024-01-16,预约结果预约失败，请退出后重试！
2024-01-16 11:37:00,158 - chaoxing - INFO - 手机号18139543529,预约耗费0.15568327903747559秒
2024-01-16 11:37:56,630 - chaoxing - INFO - 你的单位：伊犁师范大学
2024-01-16 11:37:57,162 - chaoxing - INFO - 你所属单位的fidEnc是:e0be6b6614642eba
2024-01-16 11:37:57,811 - chaoxing - INFO - 预抢座已完成,耗时0.6473355293273926秒
2024-01-16 11:37:57,811 - chaoxing - INFO - 延时结束开始抢座
2024-01-16 11:37:57,961 - chaoxing - INFO - 手机号18139543529,房间号800,座位070,起始时间19:00,结束时间20:00,预约日期2024-01-16,预约结果预约失败，请退出后重试！
2024-01-16 11:37:57,962 - chaoxing - INFO - 手机号18139543529,预约耗费0.14990592002868652秒
2024-01-16 11:38:41,667 - chaoxing - INFO - 你的单位：伊犁师范大学
2024-01-16 11:38:42,212 - chaoxing - INFO - 你所属单位的fidEnc是:e0be6b6614642eba
2024-01-16 11:38:42,849 - chaoxing - INFO - 预抢座已完成,耗时0.6320211887359619秒
2024-01-16 11:38:42,849 - chaoxing - INFO - 延时结束开始抢座
2024-01-16 11:38:42,984 - chaoxing - INFO - 手机号18139543529,房间号800,座位070,起始时间19:00,结束时间20:00,预约日期2024-01-16,预约结果预约失败，请退出后重试！
2024-01-16 11:38:42,984 - chaoxing - INFO - 手机号18139543529,预约耗费0.13514375686645508秒
2024-01-16 11:40:02,736 - chaoxing - INFO - 你的单位：伊犁师范大学
2024-01-16 11:40:03,249 - chaoxing - INFO - 你所属单位的fidEnc是:e0be6b6614642eba
2024-01-16 11:40:03,896 - chaoxing - INFO - 预抢座已完成,耗时0.6458218097686768秒
2024-01-16 11:40:03,896 - chaoxing - INFO - 延时结束开始抢座
2024-01-16 11:40:04,245 - chaoxing - INFO - 手机号18139543529,房间号800,座位070,起始时间19:00,结束时间20:00,预约日期2024-01-16,预约结果成功
2024-01-16 11:40:04,245 - chaoxing - INFO - 手机号18139543529,预约耗费0.3481411933898926秒
